<?xml version="1.0" encoding="UTF-8"?>
<testng-results ignored="0" total="10" passed="9" failed="1" skipped="0">
  <reporter-output>
  </reporter-output>
  <suite started-at="2026-05-18T15:05:14 IST" name="Parabank Suite" finished-at="2026-05-18T15:07:59 IST" duration-ms="164970">
    <groups>
    </groups>
    <test started-at="2026-05-18T15:05:14 IST" name="All Tests" finished-at="2026-05-18T15:07:59 IST" duration-ms="164970">
      <class name="Tests.TransferTest">
        <test-method is-config="true" signature="setup()[pri:0, instance:Tests.TransferTest@1f130eaf]" started-at="2026-05-18T15:07:16 IST" name="setup" finished-at="2026-05-18T15:07:24 IST" duration-ms="8247" status="PASS">
          <reporter-output>
          </reporter-output>
        </test-method> <!-- setup -->
        <test-method signature="verifyTransferFunds()[pri:0, instance:Tests.TransferTest@1f130eaf]" started-at="2026-05-18T15:07:24 IST" name="verifyTransferFunds" finished-at="2026-05-18T15:07:31 IST" duration-ms="7675" status="PASS">
          <reporter-output>
          </reporter-output>
        </test-method> <!-- verifyTransferFunds -->
        <test-method is-config="true" signature="tearDown()[pri:0, instance:Tests.TransferTest@1f130eaf]" started-at="2026-05-18T15:07:31 IST" name="tearDown" finished-at="2026-05-18T15:07:32 IST" duration-ms="446" status="PASS">
          <reporter-output>
          </reporter-output>
        </test-method> <!-- tearDown -->
      </class> <!-- Tests.TransferTest -->
      <class name="Tests.RegisterTest">
        <test-method is-config="true" signature="setup()[pri:0, instance:Tests.RegisterTest@5910de75]" started-at="2026-05-18T15:06:49 IST" name="setup" finished-at="2026-05-18T15:06:59 IST" duration-ms="10267" status="PASS">
          <reporter-output>
          </reporter-output>
        </test-method> <!-- setup -->
        <test-method signature="verifyRegistration()[pri:0, instance:Tests.RegisterTest@5910de75]" started-at="2026-05-18T15:06:59 IST" name="verifyRegistration" finished-at="2026-05-18T15:07:03 IST" duration-ms="3881" status="PASS">
          <reporter-output>
          </reporter-output>
        </test-method> <!-- verifyRegistration -->
        <test-method is-config="true" signature="tearDown()[pri:0, instance:Tests.RegisterTest@5910de75]" started-at="2026-05-18T15:07:03 IST" name="tearDown" finished-at="2026-05-18T15:07:03 IST" duration-ms="442" status="PASS">
          <reporter-output>
          </reporter-output>
        </test-method> <!-- tearDown -->
      </class> <!-- Tests.RegisterTest -->
      <class name="Tests.AccountTest">
        <test-method is-config="true" signature="setup()[pri:0, instance:Tests.AccountTest@4108fa66]" started-at="2026-05-18T15:07:03 IST" name="setup" finished-at="2026-05-18T15:07:11 IST" duration-ms="8029" status="PASS">
          <reporter-output>
          </reporter-output>
        </test-method> <!-- setup -->
        <test-method signature="verifyOpenAccount()[pri:0, instance:Tests.AccountTest@4108fa66]" started-at="2026-05-18T15:07:11 IST" name="verifyOpenAccount" finished-at="2026-05-18T15:07:15 IST" duration-ms="3939" status="PASS">
          <reporter-output>
          </reporter-output>
        </test-method> <!-- verifyOpenAccount -->
        <test-method is-config="true" signature="tearDown()[pri:0, instance:Tests.AccountTest@4108fa66]" started-at="2026-05-18T15:07:15 IST" name="tearDown" finished-at="2026-05-18T15:07:16 IST" duration-ms="424" status="PASS">
          <reporter-output>
          </reporter-output>
        </test-method> <!-- tearDown -->
      </class> <!-- Tests.AccountTest -->
      <class name="Tests.BillPayTest">
        <test-method is-config="true" signature="setup()[pri:0, instance:Tests.BillPayTest@7e0aadd0]" started-at="2026-05-18T15:07:32 IST" name="setup" finished-at="2026-05-18T15:07:40 IST" duration-ms="7917" status="PASS">
          <reporter-output>
          </reporter-output>
        </test-method> <!-- setup -->
        <test-method signature="verifyBillPayment()[pri:0, instance:Tests.BillPayTest@7e0aadd0]" started-at="2026-05-18T15:07:40 IST" name="verifyBillPayment" finished-at="2026-05-18T15:07:45 IST" duration-ms="5552" status="PASS">
          <reporter-output>
          </reporter-output>
        </test-method> <!-- verifyBillPayment -->
        <test-method is-config="true" signature="tearDown()[pri:0, instance:Tests.BillPayTest@7e0aadd0]" started-at="2026-05-18T15:07:45 IST" name="tearDown" finished-at="2026-05-18T15:07:46 IST" duration-ms="461" status="PASS">
          <reporter-output>
          </reporter-output>
        </test-method> <!-- tearDown -->
      </class> <!-- Tests.BillPayTest -->
      <class name="Tests.LogOutTest">
        <test-method is-config="true" signature="setup()[pri:0, instance:Tests.LogOutTest@21362712]" started-at="2026-05-18T15:07:46 IST" name="setup" finished-at="2026-05-18T15:07:54 IST" duration-ms="8633" status="PASS">
          <reporter-output>
          </reporter-output>
        </test-method> <!-- setup -->
        <test-method signature="verifyLogout()[pri:0, instance:Tests.LogOutTest@21362712]" started-at="2026-05-18T15:07:54 IST" name="verifyLogout" finished-at="2026-05-18T15:07:58 IST" duration-ms="3971" status="PASS">
          <reporter-output>
          </reporter-output>
        </test-method> <!-- verifyLogout -->
        <test-method is-config="true" signature="tearDown()[pri:0, instance:Tests.LogOutTest@21362712]" started-at="2026-05-18T15:07:58 IST" name="tearDown" finished-at="2026-05-18T15:07:59 IST" duration-ms="417" status="PASS">
          <reporter-output>
          </reporter-output>
        </test-method> <!-- tearDown -->
      </class> <!-- Tests.LogOutTest -->
      <class name="Tests.LoginTest">
        <test-method is-config="true" signature="setup()[pri:0, instance:Tests.LoginTest@70ab80e3]" started-at="2026-05-18T15:05:14 IST" name="setup" finished-at="2026-05-18T15:05:42 IST" duration-ms="28395" status="PASS">
          <reporter-output>
          </reporter-output>
        </test-method> <!-- setup -->
        <test-method signature="blankPasswordTest()[pri:0, instance:Tests.LoginTest@70ab80e3]" started-at="2026-05-18T15:05:42 IST" name="blankPasswordTest" finished-at="2026-05-18T15:05:44 IST" duration-ms="1065" status="PASS">
          <reporter-output>
          </reporter-output>
        </test-method> <!-- blankPasswordTest -->
        <test-method is-config="true" signature="tearDown()[pri:0, instance:Tests.LoginTest@70ab80e3]" started-at="2026-05-18T15:05:44 IST" name="tearDown" finished-at="2026-05-18T15:05:45 IST" duration-ms="1232" status="PASS">
          <reporter-output>
          </reporter-output>
        </test-method> <!-- tearDown -->
        <test-method is-config="true" signature="setup()[pri:0, instance:Tests.LoginTest@70ab80e3]" started-at="2026-05-18T15:05:45 IST" name="setup" finished-at="2026-05-18T15:05:57 IST" duration-ms="12377" status="PASS">
          <reporter-output>
          </reporter-output>
        </test-method> <!-- setup -->
        <test-method signature="blankUsernameTest()[pri:0, instance:Tests.LoginTest@70ab80e3]" started-at="2026-05-18T15:05:57 IST" name="blankUsernameTest" finished-at="2026-05-18T15:06:00 IST" duration-ms="3068" status="PASS">
          <reporter-output>
          </reporter-output>
        </test-method> <!-- blankUsernameTest -->
        <test-method is-config="true" signature="tearDown()[pri:0, instance:Tests.LoginTest@70ab80e3]" started-at="2026-05-18T15:06:00 IST" name="tearDown" finished-at="2026-05-18T15:06:01 IST" duration-ms="535" status="PASS">
          <reporter-output>
          </reporter-output>
        </test-method> <!-- tearDown -->
        <test-method is-config="true" signature="setup()[pri:0, instance:Tests.LoginTest@70ab80e3]" started-at="2026-05-18T15:06:01 IST" name="setup" finished-at="2026-05-18T15:06:14 IST" duration-ms="13590" status="PASS">
          <reporter-output>
          </reporter-output>
        </test-method> <!-- setup -->
        <test-method signature="failedLoginTest()[pri:0, instance:Tests.LoginTest@70ab80e3]" started-at="2026-05-18T15:06:14 IST" name="failedLoginTest" finished-at="2026-05-18T15:06:20 IST" duration-ms="5473" status="FAIL">
          <exception class="java.lang.AssertionError">
            <message>
              <![CDATA[expected [Wrong Title] but found [ParaBank | Accounts Overview]]]>
            </message>
            <full-stacktrace>
              <![CDATA[java.lang.AssertionError: expected [Wrong Title] but found [ParaBank | Accounts Overview]
at org.testng.Assert.fail(Assert.java:111)
at org.testng.Assert.failNotEquals(Assert.java:1590)
at org.testng.Assert.assertEqualsImpl(Assert.java:150)
at org.testng.Assert.assertEquals(Assert.java:132)
at org.testng.Assert.assertEquals(Assert.java:656)
at org.testng.Assert.assertEquals(Assert.java:666)
at Tests.LoginTest.failedLoginTest(LoginTest.java:64)
at java.base/jdk.internal.reflect.DirectMethodHandleAccessor.invoke(DirectMethodHandleAccessor.java:103)
at java.base/java.lang.reflect.Method.invoke(Method.java:580)
at org.testng.internal.invokers.MethodInvocationHelper.invokeMethod(MethodInvocationHelper.java:141)
at org.testng.internal.invokers.TestInvoker.invokeMethod(TestInvoker.java:687)
at org.testng.internal.invokers.TestInvoker.invokeTestMethod(TestInvoker.java:230)
at org.testng.internal.invokers.MethodRunner.runInSequence(MethodRunner.java:63)
at org.testng.internal.invokers.TestInvoker$MethodInvocationAgent.invoke(TestInvoker.java:995)
at org.testng.internal.invokers.TestInvoker.invokeTestMethods(TestInvoker.java:203)
at org.testng.internal.invokers.TestMethodWorker.invokeTestMethods(TestMethodWorker.java:154)
at org.testng.internal.invokers.TestMethodWorker.run(TestMethodWorker.java:134)
at java.base/java.util.ArrayList.forEach(ArrayList.java:1596)
at org.testng.TestRunner.privateRun(TestRunner.java:741)
at org.testng.TestRunner.run(TestRunner.java:616)
at org.testng.SuiteRunner.runTest(SuiteRunner.java:421)
at org.testng.SuiteRunner.runSequentially(SuiteRunner.java:413)
at org.testng.SuiteRunner.privateRun(SuiteRunner.java:373)
at org.testng.SuiteRunner.run(SuiteRunner.java:312)
at org.testng.SuiteRunnerWorker.runSuite(SuiteRunnerWorker.java:52)
at org.testng.SuiteRunnerWorker.run(SuiteRunnerWorker.java:95)
at org.testng.TestNG.runSuitesSequentially(TestNG.java:1274)
at org.testng.TestNG.runSuitesLocally(TestNG.java:1208)
at org.testng.TestNG.runSuites(TestNG.java:1112)
at org.testng.TestNG.run(TestNG.java:1079)
at org.testng.remote.AbstractRemoteTestNG.run(AbstractRemoteTestNG.java:115)
at org.testng.remote.RemoteTestNG.initAndRun(RemoteTestNG.java:293)
at org.testng.remote.RemoteTestNG.main(RemoteTestNG.java:91)
]]>
            </full-stacktrace>
          </exception> <!-- java.lang.AssertionError -->
          <reporter-output>
          </reporter-output>
        </test-method> <!-- failedLoginTest -->
        <test-method is-config="true" signature="tearDown()[pri:0, instance:Tests.LoginTest@70ab80e3]" started-at="2026-05-18T15:06:20 IST" name="tearDown" finished-at="2026-05-18T15:06:21 IST" duration-ms="490" status="PASS">
          <reporter-output>
          </reporter-output>
        </test-method> <!-- tearDown -->
        <test-method is-config="true" signature="setup()[pri:0, instance:Tests.LoginTest@70ab80e3]" started-at="2026-05-18T15:06:21 IST" name="setup" finished-at="2026-05-18T15:06:31 IST" duration-ms="10691" status="PASS">
          <reporter-output>
          </reporter-output>
        </test-method> <!-- setup -->
        <test-method signature="invalidLoginTest()[pri:0, instance:Tests.LoginTest@70ab80e3]" started-at="2026-05-18T15:06:31 IST" name="invalidLoginTest" finished-at="2026-05-18T15:06:35 IST" duration-ms="3632" status="PASS">
          <reporter-output>
          </reporter-output>
        </test-method> <!-- invalidLoginTest -->
        <test-method is-config="true" signature="tearDown()[pri:0, instance:Tests.LoginTest@70ab80e3]" started-at="2026-05-18T15:06:35 IST" name="tearDown" finished-at="2026-05-18T15:06:35 IST" duration-ms="409" status="PASS">
          <reporter-output>
          </reporter-output>
        </test-method> <!-- tearDown -->
        <test-method is-config="true" signature="setup()[pri:0, instance:Tests.LoginTest@70ab80e3]" started-at="2026-05-18T15:06:35 IST" name="setup" finished-at="2026-05-18T15:06:47 IST" duration-ms="12081" status="PASS">
          <reporter-output>
          </reporter-output>
        </test-method> <!-- setup -->
        <test-method signature="verifyLogin()[pri:0, instance:Tests.LoginTest@70ab80e3]" started-at="2026-05-18T15:06:47 IST" name="verifyLogin" finished-at="2026-05-18T15:06:48 IST" duration-ms="607" status="PASS">
          <reporter-output>
          </reporter-output>
        </test-method> <!-- verifyLogin -->
        <test-method is-config="true" signature="tearDown()[pri:0, instance:Tests.LoginTest@70ab80e3]" started-at="2026-05-18T15:06:48 IST" name="tearDown" finished-at="2026-05-18T15:06:49 IST" duration-ms="413" status="PASS">
          <reporter-output>
          </reporter-output>
        </test-method> <!-- tearDown -->
      </class> <!-- Tests.LoginTest -->
    </test> <!-- All Tests -->
  </suite> <!-- Parabank Suite -->
</testng-results>
