<?xml version="1.0" encoding="UTF-8"?>
<!-- Generated by org.testng.reporters.JUnitXMLReporter -->
<testsuite ignored="0" hostname="DESKTOP-GPTCD2H" failures="1" tests="10" name="All Tests" time="164.97" errors="0" timestamp="2026-05-18T15:08:00 IST">
  <testcase classname="Tests.LoginTest" name="blankPasswordTest" time="1.065"/>
  <testcase classname="Tests.LoginTest" name="blankUsernameTest" time="3.068"/>
  <testcase classname="Tests.LoginTest" name="failedLoginTest" time="5.473">
    <failure type="java.lang.AssertionError" message="expected [Wrong Title] but found [ParaBank | Accounts Overview]">
      <![CDATA[java.lang.AssertionError: expected [Wrong Title] but found [ParaBank | Accounts Overview]
at Tests.LoginTest.failedLoginTest(LoginTest.java:64)
at java.base/java.util.ArrayList.forEach(ArrayList.java:1596)
... Removed 31 stack frames]]>
    </failure>
  </testcase> <!-- failedLoginTest -->
  <testcase classname="Tests.LoginTest" name="invalidLoginTest" time="3.632"/>
  <testcase classname="Tests.LoginTest" name="verifyLogin" time="0.607"/>
  <testcase classname="Tests.RegisterTest" name="verifyRegistration" time="3.881"/>
  <testcase classname="Tests.AccountTest" name="verifyOpenAccount" time="3.939"/>
  <testcase classname="Tests.TransferTest" name="verifyTransferFunds" time="7.675"/>
  <testcase classname="Tests.BillPayTest" name="verifyBillPayment" time="5.552"/>
  <testcase classname="Tests.LogOutTest" name="verifyLogout" time="3.971"/>
</testsuite> <!-- All Tests -->
